<?xml version="1.0" encoding="UTF-8"?>
<testsuite name="Test1" tests="1" skipped="0" failures="0" errors="0" timestamp="2022-03-12T13:08:40" hostname="116332-mbp.local" time="2.733">
  <properties/>
  <testcase name="shouldReturnSomething()" classname="Test1" time="2.733"/>
  <system-out><![CDATA[]]></system-out>
  <system-err><![CDATA[]]></system-err>
</testsuite>
